Release 14.7 Map P.20131013 (lin64)
Xilinx Mapping Report File for Design 'top_LCD'

Design Information
------------------
Command Line   : map -pr b -p XC7A100T-CSG324 project.ngd 
Target Device  : xc7a100t
Target Package : csg324
Target Speed   : -3
Mapper Version : artix7 -- $Revision: 1.55 $
Mapped Date    : Sun May 15 11:51:58 2016

Interim Summary
---------------
Slice Logic Utilization:
  Number of Slice Registers:                    74 out of 126,800    1%
    Number used as Flip Flops:                  74
    Number used as Latches:                      0
    Number used as Latch-thrus:                  0
    Number used as AND/OR logics:                0
  Number of Slice LUTs:                        181 out of  63,400    1%
    Number used as logic:                      180 out of  63,400    1%
      Number using O6 output only:             140
      Number using O5 output only:              28
      Number using O5 and O6:                   12
      Number used as ROM:                        0
    Number used as Memory:                       0 out of  19,000    0%
    Number used exclusively as route-thrus:      1
      Number with same-slice register load:      0
      Number with same-slice carry load:         1
      Number with other load:                    0

Slice Logic Distribution:
  Number of LUT Flip Flop pairs used:          197
    Number with an unused Flip Flop:           123 out of     197   62%
    Number with an unused LUT:                  16 out of     197    8%
    Number of fully used LUT-FF pairs:          58 out of     197   29%
    Number of unique control sets:               5
    Number of slice register sites lost
      to control set restrictions:              22 out of 126,800    1%

  A LUT Flip Flop pair for this architecture represents one LUT paired with
  one Flip Flop within a slice.  A control set is a unique combination of
  clock, reset, set, and enable signals for a registered element.
  The Slice Logic Distribution report is not meaningful if the design is
  over-mapped for a non-slice resource or if Placement fails.
  OVERMAPPING of BRAM resources should be ignored if the design is
  over-mapped for a non-BRAM resource or if placement fails.

IO Utilization:
  Number of bonded IOBs:                       131 out of     210   62%
    Number of LOCed IOBs:                       15 out of     131   11%
    IOB Flip Flops:                             12

Specific Feature Utilization:
  Number of RAMB36E1/FIFO36E1s:                  0 out of     135    0%
  Number of RAMB18E1/FIFO18E1s:                  0 out of     270    0%
  Number of BUFG/BUFGCTRLs:                      1 out of      32    3%
    Number used as BUFGs:                        1
    Number used as BUFGCTRLs:                    0
  Number of IDELAYE2/IDELAYE2_FINEDELAYs:        0 out of     300    0%
  Number of ILOGICE2/ILOGICE3/ISERDESE2s:        0 out of     300    0%
  Number of ODELAYE2/ODELAYE2_FINEDELAYs:        0
  Number of OLOGICE2/OLOGICE3/OSERDESE2s:       13 out of     300    4%
    Number used as OLOGICE2s:                   13
    Number used as OLOGICE3s:                    0
    Number used as OSERDESE2s:                   0
  Number of PHASER_IN/PHASER_IN_PHYs:            0 out of      24    0%
  Number of PHASER_OUT/PHASER_OUT_PHYs:          0 out of      24    0%
  Number of BSCANs:                              0 out of       4    0%
  Number of BUFHCEs:                             0 out of      96    0%
  Number of BUFRs:                               0 out of      24    0%
  Number of CAPTUREs:                            0 out of       1    0%
  Number of DNA_PORTs:                           0 out of       1    0%
  Number of DSP48E1s:                            0 out of     240    0%
  Number of EFUSE_USRs:                          0 out of       1    0%
  Number of FRAME_ECCs:                          0 out of       1    0%
  Number of IBUFDS_GTE2s:                        0 out of       4    0%
  Number of ICAPs:                               0 out of       2    0%
  Number of IDELAYCTRLs:                         0 out of       6    0%
  Number of IN_FIFOs:                            0 out of      24    0%
  Number of MMCME2_ADVs:                         0 out of       6    0%
  Number of OUT_FIFOs:                           0 out of      24    0%
  Number of PCIE_2_1s:                           0 out of       1    0%
  Number of PHASER_REFs:                         0 out of       6    0%
  Number of PHY_CONTROLs:                        0 out of       6    0%
  Number of PLLE2_ADVs:                          0 out of       6    0%
  Number of STARTUPs:                            0 out of       1    0%
  Number of XADCs:                               0 out of       1    0%


Design Summary
--------------
Number of errors   :   2
Number of warnings :   3

Section 1 - Errors
------------------
ERROR:Place:866 - Not enough valid sites to place the following IOBs:
   IO Standard: Name = LVCMOS18, VREF = NR, VCCO = 1.80, TERM = NONE, DIR =
   INPUT, DRIVE_STR = NR
   	instruccion5<8>
   	instruccion5<1>
   	instruccion5<2>
   	instruccion5<3>
   	instruccion5<4>
   	instruccion5<0>
   	instruccion2<9>
   	instruccion2<5>
   	instruccion2<6>
   	instruccion2<7>
   	instruccion2<8>
   	instruccion2<1>
   	instruccion2<2>
   	instruccion2<3>
   	instruccion2<4>
   	instruccion2<0>
   	instruccion5<10>
   	instruccion0<10>
   	numeroInstrucciones<4>
   	numeroInstrucciones<3>
   	numeroInstrucciones<2>
   	numeroInstrucciones<1>
   	numeroInstrucciones<0>
   	instruccion7<10>
   	instruccion8<9>
   	instruccion8<5>
   	instruccion8<6>
   	instruccion8<7>
   	instruccion8<8>
   	instruccion8<1>
   	instruccion8<2>
   	instruccion8<3>
   	instruccion8<4>
   	instruccion8<0>
   	instruccion1<10>
   	instruccion9<9>
   	instruccion9<5>
   	instruccion9<6>
   	instruccion9<7>
   	instruccion9<8>
   	instruccion9<1>
   	instruccion9<2>
   	instruccion9<3>
   	instruccion9<4>
   	instruccion9<0>
   	instruccion6<9>
   	instruccion6<5>
   	instruccion6<6>
   	instruccion3<10>
   	instruccion6<7>
   	instruccion6<8>
   	instruccion6<1>
   	instruccion6<2>
   	instruccion6<3>
   	instruccion6<4>
   	instruccion6<0>
   	instruccion3<9>
   	instruccion3<5>
   	instruccion3<6>
   	instruccion3<7>
   	instruccion3<8>
   	instruccion3<1>
   	instruccion3<2>
   	instruccion3<3>
   	instruccion3<4>
   	instruccion3<0>
   	instruccion0<9>
   	instruccion0<5>
   	instruccion0<6>
   	instruccion0<7>
   	instruccion0<8>
   	instruccion0<1>
   	instruccion0<2>
   	instruccion0<3>
   	instruccion0<4>
   	instruccion0<0>
   	instruccion1<9>
   	instruccion1<5>
   	instruccion1<6>
   	instruccion1<7>
   	instruccion1<8>
   	instruccion1<1>
   	instruccion1<2>
   	instruccion1<3>
   	instruccion1<4>
   	instruccion1<0>
   	instruccion6<10>
   	instruccion8<10>
   	instruccion7<9>
   	instruccion7<5>
   	instruccion7<6>
   	instruccion7<7>
   	instruccion7<8>
   	instruccion7<1>
   	instruccion7<2>
   	instruccion7<3>
   	instruccion7<4>
   	instruccion7<0>
   	instruccion4<9>
   	instruccion2<10>
   	instruccion4<5>
   	instruccion4<6>
   	instruccion4<7>
   	instruccion4<8>
   	instruccion4<1>
   	instruccion4<2>
   	instruccion4<3>
   	instruccion4<4>
   	instruccion4<0>
   	instruccion9<10>
   	instruccion4<10>
   	instruccion5<9>
   	instruccion5<5>
   	instruccion5<6>
   	instruccion5<7>

   This may be due to either an insufficient number of sites available on the
   device, too many prohibited sites,
   or incompatible I/O Standards locked or range constrained to I/O Banks with
   valid sites.
       This situation could possibly be resolved by one (or all) of the
   following actions:
   a) Grouping IOBs of similar standards into a minimum amount of I/O Banks by
   using LOC or range constraints.
   b) Maximizing available I/O Banks resources for special IOBs by choosing
   lower capacity I/O Banks if possible.
   c) If applicable, decreasing the number of user prohibited sites or using a
   larger device.
ERROR:Pack:1654 - The timing-driven placement phase encountered an error.

Section 2 - Warnings
--------------------
WARNING:Map:34 - Speed grade not specified.  Using default "-3".
WARNING:LIT:701 - PAD symbol "numeroInstrucciones<4>" has an undefined
   IOSTANDARD.
WARNING:LIT:702 - PAD symbol "numeroInstrucciones<4>" is not constrained (LOC)
   to a specific location.

Section 3 - Informational
-------------------------
INFO:LIT:244 - All of the single ended outputs in this design are using slew
   rate limited output drivers. The delay on speed critical single ended outputs
   can be dramatically reduced by designating them as fast outputs.
INFO:Pack:1716 - Initializing temperature to 85.000 Celsius. (default - Range:
   0.000 to 85.000 Celsius)
INFO:Pack:1720 - Initializing voltage to 0.950 Volts. (default - Range: 0.950 to
   1.050 Volts)
INFO:Map:215 - The Interim Design Summary has been generated in the MAP Report
   (.mrp).
INFO:Place:834 - Only a subset of IOs are locked. Out of 131 IOs, 15 are locked
   and 116 are not locked. If you would like to print the names of these IOs,
   please set the environment variable XIL_PAR_DESIGN_CHECK_VERBOSE to 1. 

Section 4 - Removed Logic Summary
---------------------------------
   2 block(s) optimized away

Section 5 - Removed Logic
-------------------------

Optimized Block(s):
TYPE 		BLOCK
GND 		XST_GND
VCC 		XST_VCC

To enable printing of redundant blocks removed and signals merged, set the
detailed map report option and rerun map.

Section 12 - Configuration String Details
-----------------------------------------
Use the "-detail" map option to print out Configuration Strings

Section 13 - Control Set Information
------------------------------------
Use the "-detail" map option to print out Control Set Information.
